<?xml version="1.0" encoding="UTF-8" ?>
<testsuite tests="30" failures="0" name="pl.edu.pwr.pp.ImageConverterParametrizedTest" time="0.008" errors="0" skipped="0">
  <properties>
    <property name="java.runtime.name" value="Java(TM) SE Runtime Environment"/>
    <property name="sun.boot.library.path" value="C:\Program Files\Java\jdk1.8.0_74\jre\bin"/>
    <property name="java.vm.version" value="25.74-b02"/>
    <property name="java.vm.vendor" value="Oracle Corporation"/>
    <property name="maven.multiModuleProjectDirectory" value="C:\Users\diabl\git\ASCII-ART"/>
    <property name="java.vendor.url" value="http://java.oracle.com/"/>
    <property name="path.separator" value=";"/>
    <property name="guice.disable.misplaced.annotation.check" value="true"/>
    <property name="java.vm.name" value="Java HotSpot(TM) 64-Bit Server VM"/>
    <property name="file.encoding.pkg" value="sun.io"/>
    <property name="user.script" value=""/>
    <property name="user.country" value="PL"/>
    <property name="sun.java.launcher" value="SUN_STANDARD"/>
    <property name="sun.os.patch.level" value=""/>
    <property name="java.vm.specification.name" value="Java Virtual Machine Specification"/>
    <property name="user.dir" value="C:\Users\diabl\git\ASCII-ART"/>
    <property name="java.runtime.version" value="1.8.0_74-b02"/>
    <property name="java.awt.graphicsenv" value="sun.awt.Win32GraphicsEnvironment"/>
    <property name="java.endorsed.dirs" value="C:\Program Files\Java\jdk1.8.0_74\jre\lib\endorsed"/>
    <property name="os.arch" value="amd64"/>
    <property name="java.io.tmpdir" value="C:\Users\diabl\AppData\Local\Temp\"/>
    <property name="line.separator" value="
"/>
    <property name="java.vm.specification.vendor" value="Oracle Corporation"/>
    <property name="user.variant" value=""/>
    <property name="os.name" value="Windows 10"/>
    <property name="net.sourceforge.cobertura.datafile" value="C:\Users\diabl\git\ASCII-ART\target\cobertura\cobertura.ser"/>
    <property name="classworlds.conf" value="C:\Users\diabl\Documents\EclipseWorkspace\.metadata\.plugins\org.eclipse.m2e.launching\launches\m2conf3194931089724645197.tmp"/>
    <property name="sun.jnu.encoding" value="Cp1250"/>
    <property name="java.library.path" value="C:\Program Files\Java\jdk1.8.0_74\jre\bin;C:\WINDOWS\Sun\Java\bin;C:\WINDOWS\system32;C:\WINDOWS;C:/Program Files/Java/jre1.8.0_91/bin/server;C:/Program Files/Java/jre1.8.0_91/bin;C:/Program Files/Java/jre1.8.0_91/lib/amd64;C:\oraclexe\app\oracle\product\11.2.0\server\bin;;C:\oraclexe\app\oracle\product\11.2.0\server\bin;C:\ProgramData\Oracle\Java\javapath;C:\Program Files (x86)\Intel\iCLS Client\;C:\Program Files\Intel\iCLS Client\;C:\Windows\system32;C:\Windows;C:\Windows\System32\Wbem;C:\Windows\System32\WindowsPowerShell\v1.0\;C:\Program Files (x86)\Intel\Intel(R) Management Engine Components\DAL;C:\Program Files\Intel\Intel(R) Management Engine Components\DAL;C:\Program Files (x86)\Intel\Intel(R) Management Engine Components\IPT;C:\Program Files\Intel\Intel(R) Management Engine Components\IPT;C:\Program Files (x86)\NVIDIA Corporation\PhysX\Common;C:\Users\diabl\.dnx\bin;C:\Program Files\Microsoft DNX\Dnvm\;C:\Program Files\Microsoft SQL Server\120\Tools\Binn\;C:\Program Files (x86)\nodejs\;D:\Program Files\MATLAB\MATLAB Production Server\R2015a\runtime\win64;D:\Program Files\MATLAB\MATLAB Production Server\R2015a\bin;D:\Program Files\MATLAB\MATLAB Production Server\R2015a\polyspace\bin;C:\Users\diabl;C:\Program Files (x86)\Android\android-sdk\platform-tools;C:\WINDOWS\system32;C:\WINDOWS;C:\WINDOWS\System32\Wbem;C:\WINDOWS\System32\WindowsPowerShell\v1.0\;C:\Program Files (x86)\Skype\Phone\;C:\Program Files\Java\jdk1.8.0_74\bin;C:\apache-ant-1.9.6\bin;C:\WINDOWS\system32\config\systemprofile\.dnx\bin;C:\Program Files\Microsoft DNX\Dnvm\;C:\Program Files (x86)\Microsoft Emulator Manager\1.0\;C:\WINDOWS\SysWOW64\WindowsPowerShell\v1.0\Modules\TShell\TShell\;C:\Program Files\Microsoft SQL Server\130\Tools\Binn\;C:\Program Files\Git\cmd;C:\Program Files\Common Files\Autodesk Shared\;C:\Program Files (x86)\Autodesk\Backburner\;C:\Program Files (x86)\GtkSharp\2.12\bin;C:\Program Files (x86)\Windows Kits\10\Windows Performance Toolkit\;C:\Users\diabl\AppData\Roaming\npm;C:\Program Files\eclipse;;."/>
    <property name="java.specification.name" value="Java Platform API Specification"/>
    <property name="java.class.version" value="52.0"/>
    <property name="sun.management.compiler" value="HotSpot 64-Bit Tiered Compilers"/>
    <property name="os.version" value="10.0"/>
    <property name="user.home" value="C:\Users\diabl"/>
    <property name="user.timezone" value="Europe/Belgrade"/>
    <property name="java.awt.printerjob" value="sun.awt.windows.WPrinterJob"/>
    <property name="java.specification.version" value="1.8"/>
    <property name="file.encoding" value="UTF-8"/>
    <property name="user.name" value="diabl"/>
    <property name="java.class.path" value="/C:/Program Files/eclipse/plugins/org.eclipse.m2e.maven.runtime_1.6.2.20150902-0001/jars/plexus-classworlds-2.5.2.jar"/>
    <property name="java.vm.specification.version" value="1.8"/>
    <property name="sun.arch.data.model" value="64"/>
    <property name="java.home" value="C:\Program Files\Java\jdk1.8.0_74\jre"/>
    <property name="sun.java.command" value="org.codehaus.plexus.classworlds.launcher.Launcher -B cobertura:cobertura"/>
    <property name="java.specification.vendor" value="Oracle Corporation"/>
    <property name="user.language" value="pl"/>
    <property name="awt.toolkit" value="sun.awt.windows.WToolkit"/>
    <property name="java.vm.info" value="mixed mode"/>
    <property name="java.version" value="1.8.0_74"/>
    <property name="java.ext.dirs" value="C:\Program Files\Java\jdk1.8.0_74\jre\lib\ext;C:\WINDOWS\Sun\Java\lib\ext"/>
    <property name="sun.boot.class.path" value="C:\Program Files\Java\jdk1.8.0_74\jre\lib\resources.jar;C:\Program Files\Java\jdk1.8.0_74\jre\lib\rt.jar;C:\Program Files\Java\jdk1.8.0_74\jre\lib\sunrsasign.jar;C:\Program Files\Java\jdk1.8.0_74\jre\lib\jsse.jar;C:\Program Files\Java\jdk1.8.0_74\jre\lib\jce.jar;C:\Program Files\Java\jdk1.8.0_74\jre\lib\charsets.jar;C:\Program Files\Java\jdk1.8.0_74\jre\lib\jfr.jar;C:\Program Files\Java\jdk1.8.0_74\jre\classes"/>
    <property name="java.vendor" value="Oracle Corporation"/>
    <property name="maven.home" value="C:\Users\diabl\git\ASCII-ART\EMBEDDED"/>
    <property name="file.separator" value="\"/>
    <property name="java.vendor.url.bug" value="http://bugreport.sun.com/bugreport/"/>
    <property name="sun.cpu.endian" value="little"/>
    <property name="sun.io.unicode.encoding" value="UnicodeLittle"/>
    <property name="project.build.outputDirectory" value="C:\Users\diabl\git\ASCII-ART\target\generated-classes\cobertura"/>
    <property name="sun.desktop" value="windows"/>
    <property name="sun.cpu.isalist" value="amd64"/>
  </properties>
  <testcase classname="pl.edu.pwr.pp.ImageConverterParametrizedTest" name="shouldReturnRightCharacterForIntensity[0]" time="0.006"/>
  <testcase classname="pl.edu.pwr.pp.ImageConverterParametrizedTest" name="shouldReturnRightCharacterForIntensity[1]" time="0"/>
  <testcase classname="pl.edu.pwr.pp.ImageConverterParametrizedTest" name="shouldReturnRightCharacterForIntensity[2]" time="0"/>
  <testcase classname="pl.edu.pwr.pp.ImageConverterParametrizedTest" name="shouldReturnRightCharacterForIntensity[3]" time="0"/>
  <testcase classname="pl.edu.pwr.pp.ImageConverterParametrizedTest" name="shouldReturnRightCharacterForIntensity[4]" time="0"/>
  <testcase classname="pl.edu.pwr.pp.ImageConverterParametrizedTest" name="shouldReturnRightCharacterForIntensity[5]" time="0"/>
  <testcase classname="pl.edu.pwr.pp.ImageConverterParametrizedTest" name="shouldReturnRightCharacterForIntensity[6]" time="0"/>
  <testcase classname="pl.edu.pwr.pp.ImageConverterParametrizedTest" name="shouldReturnRightCharacterForIntensity[7]" time="0"/>
  <testcase classname="pl.edu.pwr.pp.ImageConverterParametrizedTest" name="shouldReturnRightCharacterForIntensity[8]" time="0"/>
  <testcase classname="pl.edu.pwr.pp.ImageConverterParametrizedTest" name="shouldReturnRightCharacterForIntensity[9]" time="0"/>
  <testcase classname="pl.edu.pwr.pp.ImageConverterParametrizedTest" name="shouldReturnRightCharacterForIntensity[10]" time="0"/>
  <testcase classname="pl.edu.pwr.pp.ImageConverterParametrizedTest" name="shouldReturnRightCharacterForIntensity[11]" time="0"/>
  <testcase classname="pl.edu.pwr.pp.ImageConverterParametrizedTest" name="shouldReturnRightCharacterForIntensity[12]" time="0"/>
  <testcase classname="pl.edu.pwr.pp.ImageConverterParametrizedTest" name="shouldReturnRightCharacterForIntensity[13]" time="0"/>
  <testcase classname="pl.edu.pwr.pp.ImageConverterParametrizedTest" name="shouldReturnRightCharacterForIntensity[14]" time="0"/>
  <testcase classname="pl.edu.pwr.pp.ImageConverterParametrizedTest" name="shouldReturnRightCharacterForIntensity[15]" time="0.001"/>
  <testcase classname="pl.edu.pwr.pp.ImageConverterParametrizedTest" name="shouldReturnRightCharacterForIntensity[16]" time="0"/>
  <testcase classname="pl.edu.pwr.pp.ImageConverterParametrizedTest" name="shouldReturnRightCharacterForIntensity[17]" time="0"/>
  <testcase classname="pl.edu.pwr.pp.ImageConverterParametrizedTest" name="shouldReturnRightCharacterForIntensity[18]" time="0"/>
  <testcase classname="pl.edu.pwr.pp.ImageConverterParametrizedTest" name="shouldReturnRightCharacterForIntensity[19]" time="0"/>
  <testcase classname="pl.edu.pwr.pp.ImageConverterParametrizedTest" name="shouldReturnRightCharacterForIntensity[20]" time="0"/>
  <testcase classname="pl.edu.pwr.pp.ImageConverterParametrizedTest" name="shouldReturnRightCharacterForIntensity[21]" time="0"/>
  <testcase classname="pl.edu.pwr.pp.ImageConverterParametrizedTest" name="shouldReturnRightCharacterForIntensity[22]" time="0"/>
  <testcase classname="pl.edu.pwr.pp.ImageConverterParametrizedTest" name="shouldReturnRightCharacterForIntensity[23]" time="0"/>
  <testcase classname="pl.edu.pwr.pp.ImageConverterParametrizedTest" name="shouldReturnRightCharacterForIntensity[24]" time="0"/>
  <testcase classname="pl.edu.pwr.pp.ImageConverterParametrizedTest" name="shouldReturnRightCharacterForIntensity[25]" time="0"/>
  <testcase classname="pl.edu.pwr.pp.ImageConverterParametrizedTest" name="shouldReturnRightCharacterForIntensity[26]" time="0"/>
  <testcase classname="pl.edu.pwr.pp.ImageConverterParametrizedTest" name="shouldReturnRightCharacterForIntensity[27]" time="0"/>
  <testcase classname="pl.edu.pwr.pp.ImageConverterParametrizedTest" name="shouldReturnRightCharacterForIntensity[28]" time="0"/>
  <testcase classname="pl.edu.pwr.pp.ImageConverterParametrizedTest" name="shouldReturnRightCharacterForIntensity[29]" time="0.001"/>
</testsuite>